{"logTime": "0506/230712", "correlationVector":"WYdbx87pzYHGwgQg+i8S+m","action":"SyncServerConnectionManagerRequest", "result":"SYNC_SERVER_OK", "context":{"environment":"", "migrationStage":"", "server":""}}
{"logTime": "0506/230712", "correlationVector":"zk3dVFpdjqT1z/Gjg7KIX5.1","action":"SyncServerConnectionManagerRequest", "result":"SYNC_SERVER_OK", "context":{"environment":"Prod_SoutheastAsia_000j", "migrationStage":"NotStarted", "server":"GENERAL0300001W"}}
{"logTime": "0506/230712", "correlationVector":"zk3dVFpdjqT1z/Gjg7KIX5","action":"Initial GetUpdates", "result":"", "context":Reason: NEW_CLIENT. cV=zk3dVFpdjqT1z/Gjg7KIX5}
{"logTime": "0506/230712", "correlationVector":"zk3dVFpdjqT1z/Gjg7KIX5.2","action":"GetUpdates Response", "result":"Success", "context":Received 1 update(s). cV=zk3dVFpdjqT1z/Gjg7KIX5.0;server=GENERAL0300001W;cloudType=Consumer;environment=Prod_SoutheastAsia_000j;migrationStage=NotStarted}
{"logTime": "0506/230712", "correlationVector":"U0J4p0iB7dYS/IDg+1PRsQ","action":"Initial GetUpdates", "result":"", "context":Reason: NEW_CLIENT. cV=U0J4p0iB7dYS/IDg+1PRsQ}
{"logTime": "0506/230712", "correlationVector":"U0J4p0iB7dYS/IDg+1PRsQ.1","action":"SyncServerConnectionManagerRequest", "result":"SYNC_SERVER_OK", "context":{"environment":"Prod_SoutheastAsia_000j", "migrationStage":"NotStarted", "server":"GENERAL0100000N"}}
{"logTime": "0506/230712", "correlationVector":"U0J4p0iB7dYS/IDg+1PRsQ.2","action":"GetUpdates Response", "result":"Success", "context":Received 3 update(s). cV=U0J4p0iB7dYS/IDg+1PRsQ.0;server=GENERAL0100000N;cloudType=Consumer;environment=Prod_SoutheastAsia_000j;migrationStage=NotStarted}
{"logTime": "0506/230712", "correlationVector":"hyMnx5hejGzpwdK/xlbcsX","action":"Normal GetUpdate request", "result":"", "context":cV=hyMnx5hejGzpwdK/xlbcsX
Nudged types: Device Info, User Consents
Refresh requested types: Device Info, User Consents, Send Tab To Self, Encryption Keys}
{"logTime": "0506/230712", "correlationVector":"hyMnx5hejGzpwdK/xlbcsX.1","action":"SyncServerConnectionManagerRequest", "result":"SYNC_SERVER_OK", "context":{"environment":"Prod_SoutheastAsia_000j", "migrationStage":"NotStarted", "server":"GENERAL0100001I"}}
{"logTime": "0506/230712", "correlationVector":"hyMnx5hejGzpwdK/xlbcsX.2","action":"GetUpdates Response", "result":"Success", "context":Received 0 update(s). cV=hyMnx5hejGzpwdK/xlbcsX.0;server=GENERAL0100001I;cloudType=Consumer;environment=Prod_SoutheastAsia_000j;migrationStage=NotStarted}
{"logTime": "0506/230712", "correlationVector":"6qYfT1tWW3DAu69lIdM6pk","action":"Commit Request", "result":"", "context":Item count: 2
Contributing types: Device Info, User Consents}
{"logTime": "0506/230712", "correlationVector":"6qYfT1tWW3DAu69lIdM6pk.1","action":"SyncServerConnectionManagerRequest", "result":"SYNC_SERVER_OK", "context":{"environment":"Prod_SoutheastAsia_000j", "migrationStage":"NotStarted", "server":"GENERAL0100001A"}}
{"logTime": "0506/230712", "correlationVector":"6qYfT1tWW3DAu69lIdM6pk.2","action":"Commit Response", "result":"Success", "context":Result: Success. cV=6qYfT1tWW3DAu69lIdM6pk.0;server=GENERAL0100001A;cloudType=Consumer;environment=Prod_SoutheastAsia_000j;migrationStage=NotStarted}
{"logTime": "0506/230712", "correlationVector":"jyjsVYmrHZJb8kD5fCRtUE","action":"Normal GetUpdate request", "result":"", "context":cV=jyjsVYmrHZJb8kD5fCRtUE
Nudged types: Device Info}
{"logTime": "0506/230712", "correlationVector":"jyjsVYmrHZJb8kD5fCRtUE.1","action":"SyncServerConnectionManagerRequest", "result":"SYNC_SERVER_OK", "context":{"environment":"Prod_SoutheastAsia_000j", "migrationStage":"NotStarted", "server":"GENERAL0100001I"}}
{"logTime": "0506/230712", "correlationVector":"jyjsVYmrHZJb8kD5fCRtUE.2","action":"GetUpdates Response", "result":"Success", "context":Received 1 update(s). cV=jyjsVYmrHZJb8kD5fCRtUE.0;server=GENERAL0100001I;cloudType=Consumer;environment=Prod_SoutheastAsia_000j;migrationStage=NotStarted}
{"logTime": "0506/231154", "correlationVector":"8T9aeViEH5CJuu6vFm1vb4","action":"Normal GetUpdate request", "result":"", "context":cV=8T9aeViEH5CJuu6vFm1vb4
Refresh requested types: Device Info, User Consents, Send Tab To Self, Encryption Keys}
{"logTime": "0506/231154", "correlationVector":"8T9aeViEH5CJuu6vFm1vb4.1","action":"SyncServerConnectionManagerRequest", "result":"SYNC_SERVER_OK", "context":{"environment":"Prod_SoutheastAsia_000j", "migrationStage":"NotStarted", "server":"GENERAL03000013"}}
{"logTime": "0506/231154", "correlationVector":"8T9aeViEH5CJuu6vFm1vb4.2","action":"GetUpdates Response", "result":"Success", "context":Received 0 update(s). cV=8T9aeViEH5CJuu6vFm1vb4.0;server=GENERAL03000013;cloudType=Consumer;environment=Prod_SoutheastAsia_000j;migrationStage=NotStarted}
{"logTime": "0507/004622", "correlationVector":"vLRQQEShz66kgut2x283qt.1","action":"SyncServerConnectionManagerRequest", "result":"SYNC_SERVER_OK", "context":{"environment":"Prod_SoutheastAsia_000j", "migrationStage":"NotStarted", "server":"GENERAL0100000Z"}}
{"logTime": "0507/004622", "correlationVector":"vLRQQEShz66kgut2x283qt","action":"Initial GetUpdates", "result":"", "context":Reason: NEW_CLIENT. cV=vLRQQEShz66kgut2x283qt}
{"logTime": "0507/004622", "correlationVector":"vLRQQEShz66kgut2x283qt.2","action":"GetUpdates Response", "result":"Success", "context":Received 1 update(s). cV=vLRQQEShz66kgut2x283qt.0;server=GENERAL0100000Z;cloudType=Consumer;environment=Prod_SoutheastAsia_000j;migrationStage=NotStarted}
{"logTime": "0507/004622", "correlationVector":"uqgwrkmKhsjDkGAziO7Op3","action":"Normal GetUpdate request", "result":"", "context":cV=uqgwrkmKhsjDkGAziO7Op3
Refresh requested types: Device Info, User Consents, Send Tab To Self, Encryption Keys}
{"logTime": "0507/004622", "correlationVector":"uqgwrkmKhsjDkGAziO7Op3.1","action":"SyncServerConnectionManagerRequest", "result":"SYNC_SERVER_OK", "context":{"environment":"Prod_SoutheastAsia_000j", "migrationStage":"NotStarted", "server":"GENERAL03000010"}}
{"logTime": "0507/004622", "correlationVector":"uqgwrkmKhsjDkGAziO7Op3.2","action":"GetUpdates Response", "result":"Success", "context":Received 0 update(s). cV=uqgwrkmKhsjDkGAziO7Op3.0;server=GENERAL03000010;cloudType=Consumer;environment=Prod_SoutheastAsia_000j;migrationStage=NotStarted}
{"logTime": "0507/005116", "correlationVector":"Uc62CX5XJb5W2LPtoxsWwD","action":"SyncServerConnectionManagerRequest", "result":"SYNC_SERVER_ERROR", "context":{"environment":"", "error_type":"http_status_code", "error_value":"400", "migrationStage":"", "server":""}}
{"logTime": "0507/005116", "correlationVector":"oZDwld8N2QFAJkdj4O/Y62","action":"Normal GetUpdate request", "result":"", "context":cV=oZDwld8N2QFAJkdj4O/Y62
Refresh requested types: Device Info, User Consents, Send Tab To Self, Encryption Keys}
{"logTime": "0507/005116", "correlationVector":"oZDwld8N2QFAJkdj4O/Y62.1","action":"SyncServerConnectionManagerRequest", "result":"SYNC_SERVER_OK", "context":{"environment":"Prod_SoutheastAsia_000j", "migrationStage":"NotStarted", "server":"general01000000"}}
{"logTime": "0507/005116", "correlationVector":"oZDwld8N2QFAJkdj4O/Y62.2","action":"GetUpdates Response", "result":"Success", "context":Received 0 update(s). cV=oZDwld8N2QFAJkdj4O/Y62.0;server=general01000000;cloudType=Consumer;environment=Prod_SoutheastAsia_000j;migrationStage=NotStarted}
{"logTime": "0507/005524", "correlationVector":"ktqZbByaFeQVtgDwYl+5Hf.1","action":"SyncServerConnectionManagerRequest", "result":"SYNC_SERVER_OK", "context":{"environment":"Prod_SoutheastAsia_000j", "migrationStage":"NotStarted", "server":"GENERAL0100000R"}}
{"logTime": "0507/005524", "correlationVector":"ktqZbByaFeQVtgDwYl+5Hf","action":"Initial GetUpdates", "result":"", "context":Reason: NEW_CLIENT. cV=ktqZbByaFeQVtgDwYl+5Hf}
{"logTime": "0507/005524", "correlationVector":"ktqZbByaFeQVtgDwYl+5Hf.2","action":"GetUpdates Response", "result":"Success", "context":Received 1 update(s). cV=ktqZbByaFeQVtgDwYl+5Hf.0;server=GENERAL0100000R;cloudType=Consumer;environment=Prod_SoutheastAsia_000j;migrationStage=NotStarted}
{"logTime": "0507/005524", "correlationVector":"TZQkr0p6NMMGKM6dbgrOtL","action":"Normal GetUpdate request", "result":"", "context":cV=TZQkr0p6NMMGKM6dbgrOtL
Refresh requested types: Device Info, User Consents, Send Tab To Self, Encryption Keys}
{"logTime": "0507/005524", "correlationVector":"TZQkr0p6NMMGKM6dbgrOtL.1","action":"SyncServerConnectionManagerRequest", "result":"SYNC_SERVER_OK", "context":{"environment":"Prod_SoutheastAsia_000j", "migrationStage":"NotStarted", "server":"GENERAL0100001I"}}
{"logTime": "0507/005524", "correlationVector":"TZQkr0p6NMMGKM6dbgrOtL.2","action":"GetUpdates Response", "result":"Success", "context":Received 0 update(s). cV=TZQkr0p6NMMGKM6dbgrOtL.0;server=GENERAL0100001I;cloudType=Consumer;environment=Prod_SoutheastAsia_000j;migrationStage=NotStarted}
{"logTime": "0507/010014", "correlationVector":"zY02GvUk10sf9MaBCupeHT","action":"SyncServerConnectionManagerRequest", "result":"SYNC_SERVER_ERROR", "context":{"environment":"", "error_type":"http_status_code", "error_value":"400", "migrationStage":"", "server":""}}
{"logTime": "0507/010014", "correlationVector":"6ubGkYd6r0rsI5ZEOlPMxt","action":"Normal GetUpdate request", "result":"", "context":cV=6ubGkYd6r0rsI5ZEOlPMxt
Refresh requested types: Device Info, User Consents, Send Tab To Self, Encryption Keys}
{"logTime": "0507/010015", "correlationVector":"6ubGkYd6r0rsI5ZEOlPMxt.1","action":"SyncServerConnectionManagerRequest", "result":"SYNC_SERVER_OK", "context":{"environment":"Prod_SoutheastAsia_000j", "migrationStage":"NotStarted", "server":"GENERAL0100000C"}}
{"logTime": "0507/010015", "correlationVector":"6ubGkYd6r0rsI5ZEOlPMxt.2","action":"GetUpdates Response", "result":"Success", "context":Received 0 update(s). cV=6ubGkYd6r0rsI5ZEOlPMxt.0;server=GENERAL0100000C;cloudType=Consumer;environment=Prod_SoutheastAsia_000j;migrationStage=NotStarted}
{"logTime": "0507/015823", "correlationVector":"opF9YtlQPGGyUdOunMoryO.1","action":"SyncServerConnectionManagerRequest", "result":"SYNC_SERVER_OK", "context":{"environment":"Prod_SoutheastAsia_000j", "migrationStage":"NotStarted", "server":"GENERAL0100001I"}}
{"logTime": "0507/015824", "correlationVector":"opF9YtlQPGGyUdOunMoryO","action":"Initial GetUpdates", "result":"", "context":Reason: NEW_CLIENT. cV=opF9YtlQPGGyUdOunMoryO}
{"logTime": "0507/015824", "correlationVector":"opF9YtlQPGGyUdOunMoryO.2","action":"GetUpdates Response", "result":"Success", "context":Received 1 update(s). cV=opF9YtlQPGGyUdOunMoryO.0;server=GENERAL0100001I;cloudType=Consumer;environment=Prod_SoutheastAsia_000j;migrationStage=NotStarted}
{"logTime": "0507/015824", "correlationVector":"ny54Pnyc+qqAm/qSdXOJYy","action":"Normal GetUpdate request", "result":"", "context":cV=ny54Pnyc+qqAm/qSdXOJYy
Refresh requested types: Device Info, User Consents, Send Tab To Self, Encryption Keys}
{"logTime": "0507/015824", "correlationVector":"ny54Pnyc+qqAm/qSdXOJYy.1","action":"SyncServerConnectionManagerRequest", "result":"SYNC_SERVER_OK", "context":{"environment":"Prod_SoutheastAsia_000j", "migrationStage":"NotStarted", "server":"GENERAL01000019"}}
{"logTime": "0507/015824", "correlationVector":"ny54Pnyc+qqAm/qSdXOJYy.2","action":"GetUpdates Response", "result":"Success", "context":Received 0 update(s). cV=ny54Pnyc+qqAm/qSdXOJYy.0;server=GENERAL01000019;cloudType=Consumer;environment=Prod_SoutheastAsia_000j;migrationStage=NotStarted}
{"logTime": "0507/020314", "correlationVector":"cJc8LHYFp4b82z0ywOSJkl","action":"SyncServerConnectionManagerRequest", "result":"SYNC_SERVER_ERROR", "context":{"environment":"", "error_type":"http_status_code", "error_value":"400", "migrationStage":"", "server":""}}
{"logTime": "0507/020314", "correlationVector":"f5SdJTqlg9iQpl78IIO8DK","action":"Normal GetUpdate request", "result":"", "context":cV=f5SdJTqlg9iQpl78IIO8DK
Refresh requested types: Device Info, User Consents, Send Tab To Self, Encryption Keys}
{"logTime": "0507/020314", "correlationVector":"f5SdJTqlg9iQpl78IIO8DK.1","action":"SyncServerConnectionManagerRequest", "result":"SYNC_SERVER_OK", "context":{"environment":"Prod_SoutheastAsia_000j", "migrationStage":"NotStarted", "server":"GENERAL0100000D"}}
{"logTime": "0507/020314", "correlationVector":"f5SdJTqlg9iQpl78IIO8DK.2","action":"GetUpdates Response", "result":"Success", "context":Received 0 update(s). cV=f5SdJTqlg9iQpl78IIO8DK.0;server=GENERAL0100000D;cloudType=Consumer;environment=Prod_SoutheastAsia_000j;migrationStage=NotStarted}
{"logTime": "0507/021907", "correlationVector":"AukBOsaoSoQzheM28pltf6.1","action":"SyncServerConnectionManagerRequest", "result":"SYNC_SERVER_OK", "context":{"environment":"Prod_SoutheastAsia_000j", "migrationStage":"NotStarted", "server":"GENERAL0300001W"}}
{"logTime": "0507/021907", "correlationVector":"AukBOsaoSoQzheM28pltf6","action":"Initial GetUpdates", "result":"", "context":Reason: NEW_CLIENT. cV=AukBOsaoSoQzheM28pltf6}
{"logTime": "0507/021907", "correlationVector":"AukBOsaoSoQzheM28pltf6.2","action":"GetUpdates Response", "result":"Success", "context":Received 1 update(s). cV=AukBOsaoSoQzheM28pltf6.0;server=GENERAL0300001W;cloudType=Consumer;environment=Prod_SoutheastAsia_000j;migrationStage=NotStarted}
{"logTime": "0507/021907", "correlationVector":"4qY1ph3dvvFmdwrYrIBsMp","action":"Normal GetUpdate request", "result":"", "context":cV=4qY1ph3dvvFmdwrYrIBsMp
Refresh requested types: Device Info, User Consents, Send Tab To Self, Encryption Keys}
{"logTime": "0507/021907", "correlationVector":"4qY1ph3dvvFmdwrYrIBsMp.1","action":"SyncServerConnectionManagerRequest", "result":"SYNC_SERVER_OK", "context":{"environment":"Prod_SoutheastAsia_000j", "migrationStage":"NotStarted", "server":"GENERAL0100001I"}}
{"logTime": "0507/021907", "correlationVector":"4qY1ph3dvvFmdwrYrIBsMp.2","action":"GetUpdates Response", "result":"Success", "context":Received 0 update(s). cV=4qY1ph3dvvFmdwrYrIBsMp.0;server=GENERAL0100001I;cloudType=Consumer;environment=Prod_SoutheastAsia_000j;migrationStage=NotStarted}
{"logTime": "0507/022401", "correlationVector":"elPMjDhbionvnmr1/+i6cB","action":"SyncServerConnectionManagerRequest", "result":"SYNC_SERVER_ERROR", "context":{"environment":"", "error_type":"http_status_code", "error_value":"400", "migrationStage":"", "server":""}}
{"logTime": "0507/022401", "correlationVector":"HsIkauJILsgt9A7LVpcMYg","action":"Normal GetUpdate request", "result":"", "context":cV=HsIkauJILsgt9A7LVpcMYg
Refresh requested types: Device Info, User Consents, Send Tab To Self, Encryption Keys}
{"logTime": "0507/022401", "correlationVector":"HsIkauJILsgt9A7LVpcMYg.1","action":"SyncServerConnectionManagerRequest", "result":"SYNC_SERVER_OK", "context":{"environment":"Prod_SoutheastAsia_000j", "migrationStage":"NotStarted", "server":"general01000000"}}
{"logTime": "0507/022401", "correlationVector":"HsIkauJILsgt9A7LVpcMYg.2","action":"GetUpdates Response", "result":"Success", "context":Received 0 update(s). cV=HsIkauJILsgt9A7LVpcMYg.0;server=general01000000;cloudType=Consumer;environment=Prod_SoutheastAsia_000j;migrationStage=NotStarted}
{"logTime": "0507/030747", "correlationVector":"uMGQDY9aA9+W88Txf0hUrz.1","action":"SyncServerConnectionManagerRequest", "result":"SYNC_SERVER_OK", "context":{"environment":"Prod_SoutheastAsia_000j", "migrationStage":"NotStarted", "server":"GENERAL0300001T"}}
{"logTime": "0507/030747", "correlationVector":"uMGQDY9aA9+W88Txf0hUrz","action":"Initial GetUpdates", "result":"", "context":Reason: NEW_CLIENT. cV=uMGQDY9aA9+W88Txf0hUrz}
{"logTime": "0507/030747", "correlationVector":"uMGQDY9aA9+W88Txf0hUrz.2","action":"GetUpdates Response", "result":"Success", "context":Received 1 update(s). cV=uMGQDY9aA9+W88Txf0hUrz.0;server=GENERAL0300001T;cloudType=Consumer;environment=Prod_SoutheastAsia_000j;migrationStage=NotStarted}
{"logTime": "0507/030747", "correlationVector":"lw0lnz0YwZbiRgm3pDLVbG","action":"Normal GetUpdate request", "result":"", "context":cV=lw0lnz0YwZbiRgm3pDLVbG
Refresh requested types: Device Info, User Consents, Send Tab To Self, Encryption Keys}
{"logTime": "0507/030747", "correlationVector":"lw0lnz0YwZbiRgm3pDLVbG.1","action":"SyncServerConnectionManagerRequest", "result":"SYNC_SERVER_OK", "context":{"environment":"Prod_SoutheastAsia_000j", "migrationStage":"NotStarted", "server":"general03000028"}}
{"logTime": "0507/030747", "correlationVector":"lw0lnz0YwZbiRgm3pDLVbG.2","action":"GetUpdates Response", "result":"Success", "context":Received 0 update(s). cV=lw0lnz0YwZbiRgm3pDLVbG.0;server=general03000028;cloudType=Consumer;environment=Prod_SoutheastAsia_000j;migrationStage=NotStarted}
{"logTime": "0507/031205", "correlationVector":"PEbN4S4iabkdEj7d7qMcen.1","action":"SyncServerConnectionManagerRequest", "result":"SYNC_SERVER_OK", "context":{"environment":"Prod_SoutheastAsia_000j", "migrationStage":"NotStarted", "server":"GENERAL0300000W"}}
{"logTime": "0507/031205", "correlationVector":"PEbN4S4iabkdEj7d7qMcen","action":"Initial GetUpdates", "result":"", "context":Reason: NEW_CLIENT. cV=PEbN4S4iabkdEj7d7qMcen}
{"logTime": "0507/031205", "correlationVector":"PEbN4S4iabkdEj7d7qMcen.2","action":"GetUpdates Response", "result":"Success", "context":Received 1 update(s). cV=PEbN4S4iabkdEj7d7qMcen.0;server=GENERAL0300000W;cloudType=Consumer;environment=Prod_SoutheastAsia_000j;migrationStage=NotStarted}
{"logTime": "0507/031205", "correlationVector":"H2cz+68gTGEOMN0+XhAdNx","action":"Normal GetUpdate request", "result":"", "context":cV=H2cz+68gTGEOMN0+XhAdNx
Refresh requested types: Device Info, User Consents, Send Tab To Self, Encryption Keys}
{"logTime": "0507/031205", "correlationVector":"H2cz+68gTGEOMN0+XhAdNx.1","action":"SyncServerConnectionManagerRequest", "result":"SYNC_SERVER_OK", "context":{"environment":"Prod_SoutheastAsia_000j", "migrationStage":"NotStarted", "server":"GENERAL01000016"}}
{"logTime": "0507/031205", "correlationVector":"H2cz+68gTGEOMN0+XhAdNx.2","action":"GetUpdates Response", "result":"Success", "context":Received 0 update(s). cV=H2cz+68gTGEOMN0+XhAdNx.0;server=GENERAL01000016;cloudType=Consumer;environment=Prod_SoutheastAsia_000j;migrationStage=NotStarted}
{"logTime": "0507/031354", "correlationVector":"wjfLBpnlnagj0F0A33Vc2Z.1","action":"SyncServerConnectionManagerRequest", "result":"SYNC_SERVER_OK", "context":{"environment":"Prod_SoutheastAsia_000j", "migrationStage":"NotStarted", "server":"GENERAL0300001B"}}
{"logTime": "0507/031354", "correlationVector":"wjfLBpnlnagj0F0A33Vc2Z","action":"Initial GetUpdates", "result":"", "context":Reason: NEW_CLIENT. cV=wjfLBpnlnagj0F0A33Vc2Z}
{"logTime": "0507/031354", "correlationVector":"wjfLBpnlnagj0F0A33Vc2Z.2","action":"GetUpdates Response", "result":"Success", "context":Received 1 update(s). cV=wjfLBpnlnagj0F0A33Vc2Z.0;server=GENERAL0300001B;cloudType=Consumer;environment=Prod_SoutheastAsia_000j;migrationStage=NotStarted}
{"logTime": "0507/031354", "correlationVector":"OgGi+Z0yLUfsLyYA2KimhR","action":"Normal GetUpdate request", "result":"", "context":cV=OgGi+Z0yLUfsLyYA2KimhR
Refresh requested types: Device Info, User Consents, Send Tab To Self, Encryption Keys}
{"logTime": "0507/031354", "correlationVector":"OgGi+Z0yLUfsLyYA2KimhR.1","action":"SyncServerConnectionManagerRequest", "result":"SYNC_SERVER_OK", "context":{"environment":"Prod_SoutheastAsia_000j", "migrationStage":"NotStarted", "server":"GENERAL03000023"}}
{"logTime": "0507/031354", "correlationVector":"OgGi+Z0yLUfsLyYA2KimhR.2","action":"GetUpdates Response", "result":"Success", "context":Received 0 update(s). cV=OgGi+Z0yLUfsLyYA2KimhR.0;server=GENERAL03000023;cloudType=Consumer;environment=Prod_SoutheastAsia_000j;migrationStage=NotStarted}
{"logTime": "0507/031936", "correlationVector":"WyjWjNbnSoD5Rqf4evKO+e.1","action":"SyncServerConnectionManagerRequest", "result":"SYNC_SERVER_OK", "context":{"environment":"Prod_SoutheastAsia_000j", "migrationStage":"NotStarted", "server":"GENERAL0300001T"}}
{"logTime": "0507/031936", "correlationVector":"WyjWjNbnSoD5Rqf4evKO+e","action":"Initial GetUpdates", "result":"", "context":Reason: NEW_CLIENT. cV=WyjWjNbnSoD5Rqf4evKO+e}
{"logTime": "0507/031936", "correlationVector":"WyjWjNbnSoD5Rqf4evKO+e.2","action":"GetUpdates Response", "result":"Success", "context":Received 1 update(s). cV=WyjWjNbnSoD5Rqf4evKO+e.0;server=GENERAL0300001T;cloudType=Consumer;environment=Prod_SoutheastAsia_000j;migrationStage=NotStarted}
{"logTime": "0507/031936", "correlationVector":"Km7AtTnFw3jgklx7WvZ7wm","action":"Normal GetUpdate request", "result":"", "context":cV=Km7AtTnFw3jgklx7WvZ7wm
Refresh requested types: Device Info, User Consents, Send Tab To Self, Encryption Keys}
{"logTime": "0507/031936", "correlationVector":"Km7AtTnFw3jgklx7WvZ7wm.1","action":"SyncServerConnectionManagerRequest", "result":"SYNC_SERVER_OK", "context":{"environment":"Prod_SoutheastAsia_000j", "migrationStage":"NotStarted", "server":"GENERAL03000013"}}
{"logTime": "0507/031936", "correlationVector":"Km7AtTnFw3jgklx7WvZ7wm.2","action":"GetUpdates Response", "result":"Success", "context":Received 0 update(s). cV=Km7AtTnFw3jgklx7WvZ7wm.0;server=GENERAL03000013;cloudType=Consumer;environment=Prod_SoutheastAsia_000j;migrationStage=NotStarted}
{"logTime": "0507/032430", "correlationVector":"kO2teyf10Lo99kMvjAChUC.1","action":"SyncServerConnectionManagerRequest", "result":"SYNC_SERVER_OK", "context":{"environment":"Prod_SoutheastAsia_000j", "migrationStage":"NotStarted", "server":"GENERAL03000013"}}
{"logTime": "0507/032430", "correlationVector":"kO2teyf10Lo99kMvjAChUC","action":"Initial GetUpdates", "result":"", "context":Reason: NEW_CLIENT. cV=kO2teyf10Lo99kMvjAChUC}
{"logTime": "0507/032430", "correlationVector":"kO2teyf10Lo99kMvjAChUC.2","action":"GetUpdates Response", "result":"Success", "context":Received 1 update(s). cV=kO2teyf10Lo99kMvjAChUC.0;server=GENERAL03000013;cloudType=Consumer;environment=Prod_SoutheastAsia_000j;migrationStage=NotStarted}
{"logTime": "0507/032430", "correlationVector":"ztH/uLTCFnQP/Fw7TI0m8N","action":"Normal GetUpdate request", "result":"", "context":cV=ztH/uLTCFnQP/Fw7TI0m8N
Refresh requested types: Device Info, User Consents, Send Tab To Self, Encryption Keys}
{"logTime": "0507/032430", "correlationVector":"ztH/uLTCFnQP/Fw7TI0m8N.1","action":"SyncServerConnectionManagerRequest", "result":"SYNC_SERVER_OK", "context":{"environment":"Prod_SoutheastAsia_000j", "migrationStage":"NotStarted", "server":"GENERAL0100000F"}}
{"logTime": "0507/032430", "correlationVector":"ztH/uLTCFnQP/Fw7TI0m8N.2","action":"GetUpdates Response", "result":"Success", "context":Received 0 update(s). cV=ztH/uLTCFnQP/Fw7TI0m8N.0;server=GENERAL0100000F;cloudType=Consumer;environment=Prod_SoutheastAsia_000j;migrationStage=NotStarted}
{"logTime": "0507/032946", "correlationVector":"yHgdXyrj/7Scji0EVLnAFU.1","action":"SyncServerConnectionManagerRequest", "result":"SYNC_SERVER_OK", "context":{"environment":"Prod_SoutheastAsia_000j", "migrationStage":"NotStarted", "server":"GENERAL01000019"}}
{"logTime": "0507/032946", "correlationVector":"yHgdXyrj/7Scji0EVLnAFU","action":"Initial GetUpdates", "result":"", "context":Reason: NEW_CLIENT. cV=yHgdXyrj/7Scji0EVLnAFU}
{"logTime": "0507/032946", "correlationVector":"yHgdXyrj/7Scji0EVLnAFU.2","action":"GetUpdates Response", "result":"Success", "context":Received 1 update(s). cV=yHgdXyrj/7Scji0EVLnAFU.0;server=GENERAL01000019;cloudType=Consumer;environment=Prod_SoutheastAsia_000j;migrationStage=NotStarted}
{"logTime": "0507/032946", "correlationVector":"DvColJwcj+edXZGeb0QYgl","action":"Normal GetUpdate request", "result":"", "context":cV=DvColJwcj+edXZGeb0QYgl
Refresh requested types: Device Info, User Consents, Send Tab To Self, Encryption Keys}
{"logTime": "0507/032946", "correlationVector":"DvColJwcj+edXZGeb0QYgl.1","action":"SyncServerConnectionManagerRequest", "result":"SYNC_SERVER_OK", "context":{"environment":"Prod_SoutheastAsia_000j", "migrationStage":"NotStarted", "server":"GENERAL0300001W"}}
{"logTime": "0507/032946", "correlationVector":"DvColJwcj+edXZGeb0QYgl.2","action":"GetUpdates Response", "result":"Success", "context":Received 0 update(s). cV=DvColJwcj+edXZGeb0QYgl.0;server=GENERAL0300001W;cloudType=Consumer;environment=Prod_SoutheastAsia_000j;migrationStage=NotStarted}
{"logTime": "0507/033349", "correlationVector":"pdFwlbvQ8XUrGmSfdOarl1.1","action":"SyncServerConnectionManagerRequest", "result":"SYNC_SERVER_OK", "context":{"environment":"Prod_SoutheastAsia_000j", "migrationStage":"NotStarted", "server":"GENERAL0300001J"}}
{"logTime": "0507/033349", "correlationVector":"pdFwlbvQ8XUrGmSfdOarl1","action":"Initial GetUpdates", "result":"", "context":Reason: NEW_CLIENT. cV=pdFwlbvQ8XUrGmSfdOarl1}
{"logTime": "0507/033349", "correlationVector":"pdFwlbvQ8XUrGmSfdOarl1.2","action":"GetUpdates Response", "result":"Success", "context":Received 1 update(s). cV=pdFwlbvQ8XUrGmSfdOarl1.0;server=GENERAL0300001J;cloudType=Consumer;environment=Prod_SoutheastAsia_000j;migrationStage=NotStarted}
{"logTime": "0507/033349", "correlationVector":"8ICo4I7iuhAkkXJVUwSPfI","action":"Normal GetUpdate request", "result":"", "context":cV=8ICo4I7iuhAkkXJVUwSPfI
Refresh requested types: Device Info, User Consents, Send Tab To Self, Encryption Keys}
{"logTime": "0507/033349", "correlationVector":"8ICo4I7iuhAkkXJVUwSPfI.1","action":"SyncServerConnectionManagerRequest", "result":"SYNC_SERVER_OK", "context":{"environment":"Prod_SoutheastAsia_000j", "migrationStage":"NotStarted", "server":"GENERAL0100000Q"}}
{"logTime": "0507/033349", "correlationVector":"8ICo4I7iuhAkkXJVUwSPfI.2","action":"GetUpdates Response", "result":"Success", "context":Received 0 update(s). cV=8ICo4I7iuhAkkXJVUwSPfI.0;server=GENERAL0100000Q;cloudType=Consumer;environment=Prod_SoutheastAsia_000j;migrationStage=NotStarted}
{"logTime": "0507/033516", "correlationVector":"EEecGMOaEGBjR/AL6h8ib9.1","action":"SyncServerConnectionManagerRequest", "result":"SYNC_SERVER_OK", "context":{"environment":"Prod_SoutheastAsia_000j", "migrationStage":"NotStarted", "server":"GENERAL0300001L"}}
{"logTime": "0507/033516", "correlationVector":"EEecGMOaEGBjR/AL6h8ib9","action":"Initial GetUpdates", "result":"", "context":Reason: NEW_CLIENT. cV=EEecGMOaEGBjR/AL6h8ib9}
{"logTime": "0507/033516", "correlationVector":"EEecGMOaEGBjR/AL6h8ib9.2","action":"GetUpdates Response", "result":"Success", "context":Received 1 update(s). cV=EEecGMOaEGBjR/AL6h8ib9.0;server=GENERAL0300001L;cloudType=Consumer;environment=Prod_SoutheastAsia_000j;migrationStage=NotStarted}
{"logTime": "0507/033516", "correlationVector":"yvddz7e2RzpfTO/Jywpoag","action":"Normal GetUpdate request", "result":"", "context":cV=yvddz7e2RzpfTO/Jywpoag
Refresh requested types: Device Info, User Consents, Send Tab To Self, Encryption Keys}
{"logTime": "0507/033516", "correlationVector":"yvddz7e2RzpfTO/Jywpoag.1","action":"SyncServerConnectionManagerRequest", "result":"SYNC_SERVER_OK", "context":{"environment":"Prod_SoutheastAsia_000j", "migrationStage":"NotStarted", "server":"GENERAL01000002"}}
{"logTime": "0507/033516", "correlationVector":"yvddz7e2RzpfTO/Jywpoag.2","action":"GetUpdates Response", "result":"Success", "context":Received 0 update(s). cV=yvddz7e2RzpfTO/Jywpoag.0;server=GENERAL01000002;cloudType=Consumer;environment=Prod_SoutheastAsia_000j;migrationStage=NotStarted}
{"logTime": "0507/034523", "correlationVector":"verMSbzUUwEmBvY4rf79Mf.1","action":"SyncServerConnectionManagerRequest", "result":"SYNC_SERVER_OK", "context":{"environment":"Prod_SoutheastAsia_000j", "migrationStage":"NotStarted", "server":"GENERAL0300000D"}}
{"logTime": "0507/034523", "correlationVector":"verMSbzUUwEmBvY4rf79Mf","action":"Initial GetUpdates", "result":"", "context":Reason: NEW_CLIENT. cV=verMSbzUUwEmBvY4rf79Mf}
{"logTime": "0507/034523", "correlationVector":"verMSbzUUwEmBvY4rf79Mf.2","action":"GetUpdates Response", "result":"Success", "context":Received 1 update(s). cV=verMSbzUUwEmBvY4rf79Mf.0;server=GENERAL0300000D;cloudType=Consumer;environment=Prod_SoutheastAsia_000j;migrationStage=NotStarted}
{"logTime": "0507/034523", "correlationVector":"WWs8tIgWhT53R9aIXmQeoX","action":"Normal GetUpdate request", "result":"", "context":cV=WWs8tIgWhT53R9aIXmQeoX
Refresh requested types: Device Info, User Consents, Send Tab To Self, Encryption Keys}
{"logTime": "0507/034523", "correlationVector":"WWs8tIgWhT53R9aIXmQeoX.1","action":"SyncServerConnectionManagerRequest", "result":"SYNC_SERVER_OK", "context":{"environment":"Prod_SoutheastAsia_000j", "migrationStage":"NotStarted", "server":"GENERAL0300002F"}}
{"logTime": "0507/034523", "correlationVector":"WWs8tIgWhT53R9aIXmQeoX.2","action":"GetUpdates Response", "result":"Success", "context":Received 0 update(s). cV=WWs8tIgWhT53R9aIXmQeoX.0;server=GENERAL0300002F;cloudType=Consumer;environment=Prod_SoutheastAsia_000j;migrationStage=NotStarted}
{"logTime": "0507/035007", "correlationVector":"LUYbrIGYuT8sNaTOd+YJUQ.1","action":"SyncServerConnectionManagerRequest", "result":"SYNC_SERVER_OK", "context":{"environment":"Prod_SoutheastAsia_000j", "migrationStage":"NotStarted", "server":"GENERAL0300001W"}}
{"logTime": "0507/035007", "correlationVector":"LUYbrIGYuT8sNaTOd+YJUQ","action":"Initial GetUpdates", "result":"", "context":Reason: NEW_CLIENT. cV=LUYbrIGYuT8sNaTOd+YJUQ}
{"logTime": "0507/035007", "correlationVector":"LUYbrIGYuT8sNaTOd+YJUQ.2","action":"GetUpdates Response", "result":"Success", "context":Received 1 update(s). cV=LUYbrIGYuT8sNaTOd+YJUQ.0;server=GENERAL0300001W;cloudType=Consumer;environment=Prod_SoutheastAsia_000j;migrationStage=NotStarted}
{"logTime": "0507/035007", "correlationVector":"YWBMzUOkfP+/ICBYN1EtRZ","action":"Normal GetUpdate request", "result":"", "context":cV=YWBMzUOkfP+/ICBYN1EtRZ
Refresh requested types: Device Info, User Consents, Send Tab To Self, Encryption Keys}
{"logTime": "0507/035008", "correlationVector":"YWBMzUOkfP+/ICBYN1EtRZ.1","action":"SyncServerConnectionManagerRequest", "result":"SYNC_SERVER_OK", "context":{"environment":"Prod_SoutheastAsia_000j", "migrationStage":"NotStarted", "server":"GENERAL0100000A"}}
{"logTime": "0507/035008", "correlationVector":"YWBMzUOkfP+/ICBYN1EtRZ.2","action":"GetUpdates Response", "result":"Success", "context":Received 0 update(s). cV=YWBMzUOkfP+/ICBYN1EtRZ.0;server=GENERAL0100000A;cloudType=Consumer;environment=Prod_SoutheastAsia_000j;migrationStage=NotStarted}
{"logTime": "0507/035431", "correlationVector":"z0YOgHE12iuuAaB2BBY/Jt.1","action":"SyncServerConnectionManagerRequest", "result":"SYNC_SERVER_OK", "context":{"environment":"Prod_SoutheastAsia_000j", "migrationStage":"NotStarted", "server":"GENERAL0300002C"}}
{"logTime": "0507/035431", "correlationVector":"z0YOgHE12iuuAaB2BBY/Jt","action":"Initial GetUpdates", "result":"", "context":Reason: NEW_CLIENT. cV=z0YOgHE12iuuAaB2BBY/Jt}
{"logTime": "0507/035431", "correlationVector":"z0YOgHE12iuuAaB2BBY/Jt.2","action":"GetUpdates Response", "result":"Success", "context":Received 1 update(s). cV=z0YOgHE12iuuAaB2BBY/Jt.0;server=GENERAL0300002C;cloudType=Consumer;environment=Prod_SoutheastAsia_000j;migrationStage=NotStarted}
{"logTime": "0507/035431", "correlationVector":"rHXrCT+1mFB/Q9ANeLoB0f","action":"Normal GetUpdate request", "result":"", "context":cV=rHXrCT+1mFB/Q9ANeLoB0f
Refresh requested types: Device Info, User Consents, Send Tab To Self, Encryption Keys}
{"logTime": "0507/035431", "correlationVector":"rHXrCT+1mFB/Q9ANeLoB0f.1","action":"SyncServerConnectionManagerRequest", "result":"SYNC_SERVER_OK", "context":{"environment":"Prod_SoutheastAsia_000j", "migrationStage":"NotStarted", "server":"GENERAL0300002C"}}
{"logTime": "0507/035431", "correlationVector":"rHXrCT+1mFB/Q9ANeLoB0f.2","action":"GetUpdates Response", "result":"Success", "context":Received 0 update(s). cV=rHXrCT+1mFB/Q9ANeLoB0f.0;server=GENERAL0300002C;cloudType=Consumer;environment=Prod_SoutheastAsia_000j;migrationStage=NotStarted}
{"logTime": "0507/035910", "correlationVector":"aB0qsfJNowt5zfTpl/MRcs","action":"SyncServerConnectionManagerRequest", "result":"SYNC_SERVER_ERROR", "context":{"environment":"", "error_type":"http_status_code", "error_value":"400", "migrationStage":"", "server":""}}
{"logTime": "0507/035911", "correlationVector":"mhaNmTfZ/v4Oj0KbrYwYB7","action":"Normal GetUpdate request", "result":"", "context":cV=mhaNmTfZ/v4Oj0KbrYwYB7
Refresh requested types: Device Info, User Consents, Send Tab To Self, Encryption Keys}
{"logTime": "0507/035911", "correlationVector":"mhaNmTfZ/v4Oj0KbrYwYB7.1","action":"SyncServerConnectionManagerRequest", "result":"SYNC_SERVER_OK", "context":{"environment":"Prod_SoutheastAsia_000j", "migrationStage":"NotStarted", "server":"GENERAL0300002E"}}
{"logTime": "0507/035911", "correlationVector":"mhaNmTfZ/v4Oj0KbrYwYB7.2","action":"GetUpdates Response", "result":"Success", "context":Received 0 update(s). cV=mhaNmTfZ/v4Oj0KbrYwYB7.0;server=GENERAL0300002E;cloudType=Consumer;environment=Prod_SoutheastAsia_000j;migrationStage=NotStarted}
{"logTime": "0507/060931", "correlationVector":"KdWRQ6y/d2ZQRzOa1MpR3K.1","action":"SyncServerConnectionManagerRequest", "result":"SYNC_SERVER_OK", "context":{"environment":"Prod_SoutheastAsia_000j", "migrationStage":"NotStarted", "server":"GENERAL0300000A"}}
{"logTime": "0507/060931", "correlationVector":"KdWRQ6y/d2ZQRzOa1MpR3K","action":"Initial GetUpdates", "result":"", "context":Reason: NEW_CLIENT. cV=KdWRQ6y/d2ZQRzOa1MpR3K}
{"logTime": "0507/060931", "correlationVector":"KdWRQ6y/d2ZQRzOa1MpR3K.2","action":"GetUpdates Response", "result":"Success", "context":Received 1 update(s). cV=KdWRQ6y/d2ZQRzOa1MpR3K.0;server=GENERAL0300000A;cloudType=Consumer;environment=Prod_SoutheastAsia_000j;migrationStage=NotStarted}
{"logTime": "0507/060931", "correlationVector":"P6SPFk7dxp6Fh91qYUiH+l","action":"Normal GetUpdate request", "result":"", "context":cV=P6SPFk7dxp6Fh91qYUiH+l
Refresh requested types: Device Info, User Consents, Send Tab To Self, Encryption Keys}
{"logTime": "0507/060931", "correlationVector":"P6SPFk7dxp6Fh91qYUiH+l.1","action":"SyncServerConnectionManagerRequest", "result":"SYNC_SERVER_OK", "context":{"environment":"Prod_SoutheastAsia_000j", "migrationStage":"NotStarted", "server":"GENERAL0300002E"}}
{"logTime": "0507/060931", "correlationVector":"P6SPFk7dxp6Fh91qYUiH+l.2","action":"GetUpdates Response", "result":"Success", "context":Received 0 update(s). cV=P6SPFk7dxp6Fh91qYUiH+l.0;server=GENERAL0300002E;cloudType=Consumer;environment=Prod_SoutheastAsia_000j;migrationStage=NotStarted}
{"logTime": "0507/061733", "correlationVector":"+rcmZG2sCXbs//0OQ/8Xbv.1","action":"SyncServerConnectionManagerRequest", "result":"SYNC_SERVER_OK", "context":{"environment":"Prod_SoutheastAsia_000j", "migrationStage":"NotStarted", "server":"GENERAL0100000R"}}
{"logTime": "0507/061733", "correlationVector":"+rcmZG2sCXbs//0OQ/8Xbv","action":"Initial GetUpdates", "result":"", "context":Reason: NEW_CLIENT. cV=+rcmZG2sCXbs//0OQ/8Xbv}
{"logTime": "0507/061733", "correlationVector":"+rcmZG2sCXbs//0OQ/8Xbv.2","action":"GetUpdates Response", "result":"Success", "context":Received 1 update(s). cV=+rcmZG2sCXbs//0OQ/8Xbv.0;server=GENERAL0100000R;cloudType=Consumer;environment=Prod_SoutheastAsia_000j;migrationStage=NotStarted}
{"logTime": "0507/061733", "correlationVector":"xRnmxSlVAKwuXv8Njo7Gby","action":"Normal GetUpdate request", "result":"", "context":cV=xRnmxSlVAKwuXv8Njo7Gby
Refresh requested types: Device Info, User Consents, Send Tab To Self, Encryption Keys}
{"logTime": "0507/061733", "correlationVector":"xRnmxSlVAKwuXv8Njo7Gby.1","action":"SyncServerConnectionManagerRequest", "result":"SYNC_SERVER_OK", "context":{"environment":"Prod_SoutheastAsia_000j", "migrationStage":"NotStarted", "server":"GENERAL0300001O"}}
{"logTime": "0507/061733", "correlationVector":"xRnmxSlVAKwuXv8Njo7Gby.2","action":"GetUpdates Response", "result":"Success", "context":Received 0 update(s). cV=xRnmxSlVAKwuXv8Njo7Gby.0;server=GENERAL0300001O;cloudType=Consumer;environment=Prod_SoutheastAsia_000j;migrationStage=NotStarted}
{"logTime": "0507/062854", "correlationVector":"MNKJL6fOLa8TTkLCR3fJ6+.1","action":"SyncServerConnectionManagerRequest", "result":"SYNC_SERVER_OK", "context":{"environment":"Prod_SoutheastAsia_000j", "migrationStage":"NotStarted", "server":"GENERAL0100000K"}}
{"logTime": "0507/062854", "correlationVector":"MNKJL6fOLa8TTkLCR3fJ6+","action":"Initial GetUpdates", "result":"", "context":Reason: NEW_CLIENT. cV=MNKJL6fOLa8TTkLCR3fJ6+}
{"logTime": "0507/062854", "correlationVector":"MNKJL6fOLa8TTkLCR3fJ6+.2","action":"GetUpdates Response", "result":"Success", "context":Received 1 update(s). cV=MNKJL6fOLa8TTkLCR3fJ6+.0;server=GENERAL0100000K;cloudType=Consumer;environment=Prod_SoutheastAsia_000j;migrationStage=NotStarted}
{"logTime": "0507/062854", "correlationVector":"hL0oUIjZZOnCTgkAUo/cfk","action":"Normal GetUpdate request", "result":"", "context":cV=hL0oUIjZZOnCTgkAUo/cfk
Refresh requested types: Device Info, User Consents, Send Tab To Self, Encryption Keys}
{"logTime": "0507/062854", "correlationVector":"hL0oUIjZZOnCTgkAUo/cfk.1","action":"SyncServerConnectionManagerRequest", "result":"SYNC_SERVER_OK", "context":{"environment":"Prod_SoutheastAsia_000j", "migrationStage":"NotStarted", "server":"GENERAL0100000P"}}
{"logTime": "0507/062854", "correlationVector":"hL0oUIjZZOnCTgkAUo/cfk.2","action":"GetUpdates Response", "result":"Success", "context":Received 0 update(s). cV=hL0oUIjZZOnCTgkAUo/cfk.0;server=GENERAL0100000P;cloudType=Consumer;environment=Prod_SoutheastAsia_000j;migrationStage=NotStarted}
{"logTime": "0507/063255", "correlationVector":"lJ1Empy9snNHVhgPG8c04p","action":"SyncServerConnectionManagerRequest", "result":"SYNC_SERVER_ERROR", "context":{"environment":"", "error_type":"http_status_code", "error_value":"400", "migrationStage":"", "server":""}}
{"logTime": "0507/063255", "correlationVector":"lNpRq4ydKbxNs96o9EuR9s","action":"Normal GetUpdate request", "result":"", "context":cV=lNpRq4ydKbxNs96o9EuR9s
Refresh requested types: Device Info, User Consents, Send Tab To Self, Encryption Keys}
{"logTime": "0507/063255", "correlationVector":"lNpRq4ydKbxNs96o9EuR9s.1","action":"SyncServerConnectionManagerRequest", "result":"SYNC_SERVER_OK", "context":{"environment":"Prod_SoutheastAsia_000j", "migrationStage":"NotStarted", "server":"GENERAL0300001L"}}
{"logTime": "0507/063255", "correlationVector":"lNpRq4ydKbxNs96o9EuR9s.2","action":"GetUpdates Response", "result":"Success", "context":Received 0 update(s). cV=lNpRq4ydKbxNs96o9EuR9s.0;server=GENERAL0300001L;cloudType=Consumer;environment=Prod_SoutheastAsia_000j;migrationStage=NotStarted}
{"logTime": "0507/064506", "correlationVector":"GfV18PuijZLzIdrlUrcOCv.1","action":"SyncServerConnectionManagerRequest", "result":"SYNC_SERVER_OK", "context":{"environment":"Prod_SoutheastAsia_000j", "migrationStage":"NotStarted", "server":"general03000015"}}
{"logTime": "0507/064506", "correlationVector":"GfV18PuijZLzIdrlUrcOCv","action":"Initial GetUpdates", "result":"", "context":Reason: NEW_CLIENT. cV=GfV18PuijZLzIdrlUrcOCv}
{"logTime": "0507/064506", "correlationVector":"GfV18PuijZLzIdrlUrcOCv.2","action":"GetUpdates Response", "result":"Success", "context":Received 1 update(s). cV=GfV18PuijZLzIdrlUrcOCv.0;server=general03000015;cloudType=Consumer;environment=Prod_SoutheastAsia_000j;migrationStage=NotStarted}
{"logTime": "0507/064506", "correlationVector":"mwXzRFovMx+UgyutyMmEoU","action":"Normal GetUpdate request", "result":"", "context":cV=mwXzRFovMx+UgyutyMmEoU
Refresh requested types: Device Info, User Consents, Send Tab To Self, Encryption Keys}
{"logTime": "0507/064506", "correlationVector":"mwXzRFovMx+UgyutyMmEoU.1","action":"SyncServerConnectionManagerRequest", "result":"SYNC_SERVER_OK", "context":{"environment":"Prod_SoutheastAsia_000j", "migrationStage":"NotStarted", "server":"GENERAL03000010"}}
{"logTime": "0507/064506", "correlationVector":"mwXzRFovMx+UgyutyMmEoU.2","action":"GetUpdates Response", "result":"Success", "context":Received 0 update(s). cV=mwXzRFovMx+UgyutyMmEoU.0;server=GENERAL03000010;cloudType=Consumer;environment=Prod_SoutheastAsia_000j;migrationStage=NotStarted}
{"logTime": "0507/064910", "correlationVector":"Exbmy2HU3iVoW+kk+X7Zki.1","action":"SyncServerConnectionManagerRequest", "result":"SYNC_SERVER_OK", "context":{"environment":"Prod_SoutheastAsia_000j", "migrationStage":"NotStarted", "server":"GENERAL0300001H"}}
{"logTime": "0507/064910", "correlationVector":"Exbmy2HU3iVoW+kk+X7Zki","action":"Initial GetUpdates", "result":"", "context":Reason: NEW_CLIENT. cV=Exbmy2HU3iVoW+kk+X7Zki}
{"logTime": "0507/064910", "correlationVector":"Exbmy2HU3iVoW+kk+X7Zki.2","action":"GetUpdates Response", "result":"Success", "context":Received 1 update(s). cV=Exbmy2HU3iVoW+kk+X7Zki.0;server=GENERAL0300001H;cloudType=Consumer;environment=Prod_SoutheastAsia_000j;migrationStage=NotStarted}
{"logTime": "0507/064910", "correlationVector":"BfTLm96IztxnK2cMWHZZOf","action":"Normal GetUpdate request", "result":"", "context":cV=BfTLm96IztxnK2cMWHZZOf
Refresh requested types: Device Info, User Consents, Send Tab To Self, Encryption Keys}
{"logTime": "0507/064910", "correlationVector":"BfTLm96IztxnK2cMWHZZOf.1","action":"SyncServerConnectionManagerRequest", "result":"SYNC_SERVER_OK", "context":{"environment":"Prod_SoutheastAsia_000j", "migrationStage":"NotStarted", "server":"GENERAL0100000K"}}
{"logTime": "0507/064910", "correlationVector":"BfTLm96IztxnK2cMWHZZOf.2","action":"GetUpdates Response", "result":"Success", "context":Received 0 update(s). cV=BfTLm96IztxnK2cMWHZZOf.0;server=GENERAL0100000K;cloudType=Consumer;environment=Prod_SoutheastAsia_000j;migrationStage=NotStarted}
{"logTime": "0507/071740", "correlationVector":"eXmsFI2cbKU/ws7708clcN.1","action":"SyncServerConnectionManagerRequest", "result":"SYNC_SERVER_OK", "context":{"environment":"Prod_SoutheastAsia_000j", "migrationStage":"NotStarted", "server":"GENERAL0300001H"}}
{"logTime": "0507/071740", "correlationVector":"eXmsFI2cbKU/ws7708clcN","action":"Initial GetUpdates", "result":"", "context":Reason: NEW_CLIENT. cV=eXmsFI2cbKU/ws7708clcN}
{"logTime": "0507/071740", "correlationVector":"eXmsFI2cbKU/ws7708clcN.2","action":"GetUpdates Response", "result":"Success", "context":Received 1 update(s). cV=eXmsFI2cbKU/ws7708clcN.0;server=GENERAL0300001H;cloudType=Consumer;environment=Prod_SoutheastAsia_000j;migrationStage=NotStarted}
{"logTime": "0507/071740", "correlationVector":"kucoqdptuEZ7Ixe5lGvmEt","action":"Normal GetUpdate request", "result":"", "context":cV=kucoqdptuEZ7Ixe5lGvmEt
Refresh requested types: Device Info, User Consents, Send Tab To Self, Encryption Keys}
{"logTime": "0507/071740", "correlationVector":"kucoqdptuEZ7Ixe5lGvmEt.1","action":"SyncServerConnectionManagerRequest", "result":"SYNC_SERVER_OK", "context":{"environment":"Prod_SoutheastAsia_000j", "migrationStage":"NotStarted", "server":"GENERAL0300001S"}}
{"logTime": "0507/071740", "correlationVector":"kucoqdptuEZ7Ixe5lGvmEt.2","action":"GetUpdates Response", "result":"Success", "context":Received 0 update(s). cV=kucoqdptuEZ7Ixe5lGvmEt.0;server=GENERAL0300001S;cloudType=Consumer;environment=Prod_SoutheastAsia_000j;migrationStage=NotStarted}
{"logTime": "0507/071740", "correlationVector":"ff5HDx1+vJbP2+LMgXRQL8","action":"Poll GetUpdate request", "result":"", "context":cV=ff5HDx1+vJbP2+LMgXRQL8}
{"logTime": "0507/071740", "correlationVector":"ff5HDx1+vJbP2+LMgXRQL8.1","action":"SyncServerConnectionManagerRequest", "result":"SYNC_SERVER_OK", "context":{"environment":"Prod_SoutheastAsia_000j", "migrationStage":"NotStarted", "server":"GENERAL01000019"}}
{"logTime": "0507/071740", "correlationVector":"ff5HDx1+vJbP2+LMgXRQL8.2","action":"GetUpdates Response", "result":"Success", "context":Received 0 update(s). cV=ff5HDx1+vJbP2+LMgXRQL8.0;server=GENERAL01000019;cloudType=Consumer;environment=Prod_SoutheastAsia_000j;migrationStage=NotStarted}
{"logTime": "0507/072141", "correlationVector":"d672ejTNeW88r3WZviPy0L","action":"SyncServerConnectionManagerRequest", "result":"SYNC_SERVER_ERROR", "context":{"environment":"", "error_type":"http_status_code", "error_value":"400", "migrationStage":"", "server":""}}
{"logTime": "0507/072141", "correlationVector":"ltsWuhgixQMZah6En3XejB","action":"Normal GetUpdate request", "result":"", "context":cV=ltsWuhgixQMZah6En3XejB
Refresh requested types: Device Info, User Consents, Send Tab To Self, Encryption Keys}
{"logTime": "0507/072141", "correlationVector":"ltsWuhgixQMZah6En3XejB.1","action":"SyncServerConnectionManagerRequest", "result":"SYNC_SERVER_OK", "context":{"environment":"Prod_SoutheastAsia_000j", "migrationStage":"NotStarted", "server":"general01000007"}}
{"logTime": "0507/072141", "correlationVector":"ltsWuhgixQMZah6En3XejB.2","action":"GetUpdates Response", "result":"Success", "context":Received 0 update(s). cV=ltsWuhgixQMZah6En3XejB.0;server=general01000007;cloudType=Consumer;environment=Prod_SoutheastAsia_000j;migrationStage=NotStarted}
{"logTime": "0507/072957", "correlationVector":"cWDDVAjuxmAp00TKY6nzKf.1","action":"SyncServerConnectionManagerRequest", "result":"SYNC_SERVER_OK", "context":{"environment":"Prod_SoutheastAsia_000j", "migrationStage":"NotStarted", "server":"GENERAL0100000H"}}
{"logTime": "0507/072957", "correlationVector":"cWDDVAjuxmAp00TKY6nzKf","action":"Initial GetUpdates", "result":"", "context":Reason: NEW_CLIENT. cV=cWDDVAjuxmAp00TKY6nzKf}
{"logTime": "0507/072957", "correlationVector":"cWDDVAjuxmAp00TKY6nzKf.2","action":"GetUpdates Response", "result":"Success", "context":Received 1 update(s). cV=cWDDVAjuxmAp00TKY6nzKf.0;server=GENERAL0100000H;cloudType=Consumer;environment=Prod_SoutheastAsia_000j;migrationStage=NotStarted}
{"logTime": "0507/072957", "correlationVector":"+i9oikwi08vw3wTx/TZySa","action":"Normal GetUpdate request", "result":"", "context":cV=+i9oikwi08vw3wTx/TZySa
Refresh requested types: Device Info, User Consents, Send Tab To Self, Encryption Keys}
{"logTime": "0507/072957", "correlationVector":"+i9oikwi08vw3wTx/TZySa.1","action":"SyncServerConnectionManagerRequest", "result":"SYNC_SERVER_OK", "context":{"environment":"Prod_SoutheastAsia_000j", "migrationStage":"NotStarted", "server":"general01000001"}}
{"logTime": "0507/072957", "correlationVector":"+i9oikwi08vw3wTx/TZySa.2","action":"GetUpdates Response", "result":"Success", "context":Received 0 update(s). cV=+i9oikwi08vw3wTx/TZySa.0;server=general01000001;cloudType=Consumer;environment=Prod_SoutheastAsia_000j;migrationStage=NotStarted}
{"logTime": "0510/005429", "correlationVector":"kZIBbeIQcbYIFk3C23CrfO","action":"SyncServerConnectionManagerRequest", "result":"SYNC_SERVER_OK", "context":{"environment":"", "migrationStage":"", "server":""}}
{"logTime": "0510/005429", "correlationVector":"uULryrTARn2AhFP3uFnN0h.1","action":"SyncServerConnectionManagerRequest", "result":"SYNC_SERVER_OK", "context":{"environment":"Prod_SoutheastAsia_000j", "migrationStage":"NotStarted", "server":"GENERAL0300000C"}}
{"logTime": "0510/005429", "correlationVector":"uULryrTARn2AhFP3uFnN0h","action":"Initial GetUpdates", "result":"", "context":Reason: NEW_CLIENT. cV=uULryrTARn2AhFP3uFnN0h}
{"logTime": "0510/005429", "correlationVector":"uULryrTARn2AhFP3uFnN0h.2","action":"GetUpdates Response", "result":"Success", "context":Received 1 update(s). cV=uULryrTARn2AhFP3uFnN0h.0;server=GENERAL0300000C;cloudType=Consumer;environment=Prod_SoutheastAsia_000j;migrationStage=NotStarted}
{"logTime": "0510/005429", "correlationVector":"OeAIJH+yu3ZUkTkqo11F7y","action":"Normal GetUpdate request", "result":"", "context":cV=OeAIJH+yu3ZUkTkqo11F7y
Nudged types: Device Info
Refresh requested types: Device Info, User Consents, Send Tab To Self, Encryption Keys}
{"logTime": "0510/005429", "correlationVector":"OeAIJH+yu3ZUkTkqo11F7y.1","action":"SyncServerConnectionManagerRequest", "result":"SYNC_SERVER_OK", "context":{"environment":"Prod_SoutheastAsia_000j", "migrationStage":"NotStarted", "server":"GENERAL0100001H"}}
{"logTime": "0510/005429", "correlationVector":"OeAIJH+yu3ZUkTkqo11F7y.2","action":"GetUpdates Response", "result":"Success", "context":Received 0 update(s). cV=OeAIJH+yu3ZUkTkqo11F7y.0;server=GENERAL0100001H;cloudType=Consumer;environment=Prod_SoutheastAsia_000j;migrationStage=NotStarted}
{"logTime": "0510/005429", "correlationVector":"6DuBTfuYigaTRPs/W1ZVqh","action":"Commit Request", "result":"", "context":Item count: 1
Contributing types: Device Info}
{"logTime": "0510/005429", "correlationVector":"6DuBTfuYigaTRPs/W1ZVqh.1","action":"SyncServerConnectionManagerRequest", "result":"SYNC_SERVER_OK", "context":{"environment":"Prod_SoutheastAsia_000j", "migrationStage":"NotStarted", "server":"GENERAL0300000F"}}
{"logTime": "0510/005429", "correlationVector":"6DuBTfuYigaTRPs/W1ZVqh.2","action":"Commit Response", "result":"Success", "context":Result: Success. cV=6DuBTfuYigaTRPs/W1ZVqh.0;server=GENERAL0300000F;cloudType=Consumer;environment=Prod_SoutheastAsia_000j;migrationStage=NotStarted}
{"logTime": "0510/005429", "correlationVector":"OcPlRFH6/bJmHCneLTcBqT","action":"Normal GetUpdate request", "result":"", "context":cV=OcPlRFH6/bJmHCneLTcBqT
Nudged types: Device Info}
{"logTime": "0510/005429", "correlationVector":"OcPlRFH6/bJmHCneLTcBqT.1","action":"SyncServerConnectionManagerRequest", "result":"SYNC_SERVER_OK", "context":{"environment":"Prod_SoutheastAsia_000j", "migrationStage":"NotStarted", "server":"GENERAL0100000O"}}
{"logTime": "0510/005429", "correlationVector":"OcPlRFH6/bJmHCneLTcBqT.2","action":"GetUpdates Response", "result":"Success", "context":Received 1 update(s). cV=OcPlRFH6/bJmHCneLTcBqT.0;server=GENERAL0100000O;cloudType=Consumer;environment=Prod_SoutheastAsia_000j;migrationStage=NotStarted}
{"logTime": "0510/005429", "correlationVector":"DrLBYOF9xrqBqp086sDFKW","action":"Poll GetUpdate request", "result":"", "context":cV=DrLBYOF9xrqBqp086sDFKW}
{"logTime": "0510/005429", "correlationVector":"DrLBYOF9xrqBqp086sDFKW.1","action":"SyncServerConnectionManagerRequest", "result":"SYNC_SERVER_OK", "context":{"environment":"Prod_SoutheastAsia_000j", "migrationStage":"NotStarted", "server":"GENERAL0300000B"}}
{"logTime": "0510/005429", "correlationVector":"DrLBYOF9xrqBqp086sDFKW.2","action":"GetUpdates Response", "result":"Success", "context":Received 0 update(s). cV=DrLBYOF9xrqBqp086sDFKW.0;server=GENERAL0300000B;cloudType=Consumer;environment=Prod_SoutheastAsia_000j;migrationStage=NotStarted}
{"logTime": "0510/011238", "correlationVector":"TJ5ngidxPXK2uufDS7ciL0.1","action":"SyncServerConnectionManagerRequest", "result":"SYNC_SERVER_OK", "context":{"environment":"Prod_SoutheastAsia_000j", "migrationStage":"NotStarted", "server":"general01000011"}}
{"logTime": "0510/011238", "correlationVector":"TJ5ngidxPXK2uufDS7ciL0","action":"Initial GetUpdates", "result":"", "context":Reason: NEW_CLIENT. cV=TJ5ngidxPXK2uufDS7ciL0}
{"logTime": "0510/011238", "correlationVector":"TJ5ngidxPXK2uufDS7ciL0.2","action":"GetUpdates Response", "result":"Success", "context":Received 1 update(s). cV=TJ5ngidxPXK2uufDS7ciL0.0;server=general01000011;cloudType=Consumer;environment=Prod_SoutheastAsia_000j;migrationStage=NotStarted}
{"logTime": "0510/011238", "correlationVector":"/wX4or2huo0fRa5mEATy3l","action":"Normal GetUpdate request", "result":"", "context":cV=/wX4or2huo0fRa5mEATy3l
Refresh requested types: Device Info, User Consents, Send Tab To Self, Encryption Keys}
{"logTime": "0510/011238", "correlationVector":"/wX4or2huo0fRa5mEATy3l.1","action":"SyncServerConnectionManagerRequest", "result":"SYNC_SERVER_OK", "context":{"environment":"Prod_SoutheastAsia_000j", "migrationStage":"NotStarted", "server":"GENERAL0300000O"}}
{"logTime": "0510/011238", "correlationVector":"/wX4or2huo0fRa5mEATy3l.2","action":"GetUpdates Response", "result":"Success", "context":Received 0 update(s). cV=/wX4or2huo0fRa5mEATy3l.0;server=GENERAL0300000O;cloudType=Consumer;environment=Prod_SoutheastAsia_000j;migrationStage=NotStarted}
{"logTime": "0510/011719", "correlationVector":"I11LP/tK4asMttJen4J9+G","action":"SyncServerConnectionManagerRequest", "result":"SYNC_SERVER_ERROR", "context":{"environment":"", "error_type":"http_status_code", "error_value":"400", "migrationStage":"", "server":""}}
{"logTime": "0510/011719", "correlationVector":"ekjhQOaJUU7dzlgee3+FyD","action":"Normal GetUpdate request", "result":"", "context":cV=ekjhQOaJUU7dzlgee3+FyD
Refresh requested types: Device Info, User Consents, Send Tab To Self, Encryption Keys}
{"logTime": "0510/011719", "correlationVector":"ekjhQOaJUU7dzlgee3+FyD.1","action":"SyncServerConnectionManagerRequest", "result":"SYNC_SERVER_OK", "context":{"environment":"Prod_SoutheastAsia_000j", "migrationStage":"NotStarted", "server":"general01000001"}}
{"logTime": "0510/011719", "correlationVector":"ekjhQOaJUU7dzlgee3+FyD.2","action":"GetUpdates Response", "result":"Success", "context":Received 0 update(s). cV=ekjhQOaJUU7dzlgee3+FyD.0;server=general01000001;cloudType=Consumer;environment=Prod_SoutheastAsia_000j;migrationStage=NotStarted}
